Arguments: 
  C:\Program Files\nodejs\node.exe C:\Users\Anas\AppData\Roaming\npm\node_modules\yarn\bin\yarn.js install

PATH: 
  C:\Program Files\Common Files\Oracle\Java\javapath;C:\ProgramData\Oracle\Java\javapath;C:\Windows\system32;C:\Windows;C:\Windows\System32\Wbem;C:\Windows\System32\WindowsPowerShell\v1.0\;C:\Windows\System32\OpenSSH\;C:\Program Files (x86)\NVIDIA Corporation\PhysX\Common;C:\Program Files\NVIDIA Corporation\NVIDIA NvDLISR;C:\Program Files\Git\cmd;C:\Program Files\PuTTY\;C:\webdrivers;C:\Program Files\dotnet\;C:\MinGW\bin;C:\Program Files\PostgreSQL\15\bin;;C:\WINDOWS\system32;C:\WINDOWS;C:\WINDOWS\System32\Wbem;C:\WINDOWS\System32\WindowsPowerShell\v1.0\;C:\WINDOWS\System32\OpenSSH\;C:\Program Files\nodejs\;C:\Users\Anas\anaconda3;C:\Users\Anas\anaconda3\Library\mingw-w64\bin;C:\Users\Anas\anaconda3\Library\usr\bin;C:\Users\Anas\anaconda3\Library\bin;C:\Users\Anas\anaconda3\Scripts;C:\Users\Anas\AppData\Local\Programs\Python\Python310\Scripts\;C:\Users\Anas\AppData\Local\Programs\Python\Python310\;C:\Users\Anas\AppData\Local\Microsoft\WindowsApps;C:\Users\Anas\AppData\Local\Programs\Microsoft VS Code\bin;C:\Users\Anas\AppData\Local\GitHubDesktop\bin;C:\gstreamer\1.0\msvc_x86_64\bin;C:\Users\Anas\AppData\Roaming\npm

Yarn version: 
  1.22.19

Node version: 
  18.16.0

Platform: 
  win32 x64

Trace: 
  Error: https://registry.npmjs.org/@react-navigation%2fbottom-tabs: tunneling socket could not be established, cause=getaddrinfo ENOTFOUND proxy
      at ClientRequest.onError (C:\Users\Anas\AppData\Roaming\npm\node_modules\yarn\lib\cli.js:152376:17)
      at Object.onceWrapper (node:events:628:26)
      at ClientRequest.emit (node:events:513:28)
      at Socket.socketErrorListener (node:_http_client:502:9)
      at Socket.emit (node:events:513:28)
      at emitErrorNT (node:internal/streams/destroy:151:8)
      at emitErrorCloseNT (node:internal/streams/destroy:116:3)
      at process.processTicksAndRejections (node:internal/process/task_queues:82:21)

npm manifest: 
  {
    "name": "tajawob",
    "version": "1.0.0",
    "main": "node_modules/expo/AppEntry.js",
    "scripts": {
      "start": "expo start",
      "android": "expo start --android",
      "ios": "expo start --ios",
      "web": "expo start --web"
    },
    "dependencies": {
      "@react-navigation/bottom-tabs": "^6.3.1",
      "@react-navigation/core": "^6.2.1",
      "@react-navigation/drawer": "^6.4.1",
      "@react-navigation/elements": "^1.3.3",
      "@react-navigation/material-bottom-tabs": "^6.2.1",
      "@react-navigation/material-top-tabs": "^6.2.1",
      "@react-navigation/native": "^6.0.10",
      "@react-navigation/native-stack": "^6.7.0",
      "@react-navigation/routers": "^6.1.0",
      "@react-navigation/stack": "^6.2.1",
      "expo": "~48.0.4",
      "expo-status-bar": "~1.4.2",
      "expo-font": "~11.1.1",
      "react": "18.2.0",
      "react-native": "0.71.3",
      "react-native-gesture-handler": "^2.4.2",
      "react-native-reanimated": "~2.12.0",
      "react-native-safe-area-context": "^4.3.1",
      "react-native-screens": "^3.14.1",
      		"@ui-kitten/components": "^5.1.2",
  		"@eva-design/eva": "^2.1.1",
  		"react-native-svg": "13.4.0",
  		"react-native-dropdown-picker": "^5.4.2"
    },
    "devDependencies": {
      "@babel/core": "^7.12.9"
    },
    "private": true
  }

yarn manifest: 
  No manifest

Lockfile: 
  No lockfile
